============================= test session starts ==============================
platform darwin -- Python 3.14.0, pytest-8.0.2, pluggy-1.6.0 -- /Library/Frameworks/Python.framework/Versions/3.14/bin/python3
cachedir: .pytest_cache
rootdir: /Users/galindoasc/keikichi_logistics_web/backend
plugins: asyncio-0.23.8, anyio-4.12.0
asyncio: mode=Mode.STRICT
collecting ... collected 18 items

tests/test_system_flows.py::TestSystemFlows::test_1_health_check PASSED  [  5%]
tests/test_system_flows.py::TestSystemFlows::test_2_register_client PASSED [ 11%]
tests/test_system_flows.py::TestSystemFlows::test_3_login_client FAILED  [ 16%]
tests/test_system_flows.py::TestSystemFlows::test_4_get_me FAILED        [ 22%]
tests/test_system_flows.py::TestSystemFlows::test_5_update_profile FAILED [ 27%]
tests/test_system_flows.py::TestSystemFlows::test_6_create_trip ERROR    [ 33%]
tests/test_system_flows.py::TestSystemFlows::test_7_list_trips PASSED    [ 38%]
tests/test_system_flows.py::TestSystemFlows::test_8_get_trip_detail FAILED [ 44%]
tests/test_system_flows.py::TestSystemFlows::test_9_update_trip_status FAILED [ 50%]
tests/test_system_flows.py::TestSystemFlows::test_10_bulk_delete_trips_logic_check FAILED [ 55%]
tests/test_system_flows.py::TestSystemFlows::test_11_create_reservation FAILED [ 61%]
tests/test_system_flows.py::TestSystemFlows::test_12_cancel_reservation FAILED [ 66%]
tests/test_system_flows.py::TestSystemFlows::test_13_admin_list_reservations FAILED [ 72%]
tests/test_system_flows.py::TestSystemFlows::test_14_delete_reservation FAILED [ 77%]
tests/test_system_flows.py::TestSystemFlows::test_15_get_system_config FAILED [ 83%]
tests/test_system_flows.py::TestSystemFlows::test_16_update_exchange_rate FAILED [ 88%]
tests/test_system_flows.py::TestSystemFlows::test_17_upload_document FAILED [ 94%]
tests/test_system_flows.py::TestSystemFlows::test_18_list_my_documents PASSED [100%]
tests/test_system_flows.py::TestSystemFlows::test_18_list_my_documents ERROR [100%]

==================================== ERRORS ====================================
_____________ ERROR at setup of TestSystemFlows.test_6_create_trip _____________

request = <SubRequest 'admin_token' for <Coroutine test_6_create_trip>>
kwargs = {'client': <httpx.AsyncClient object at 0x10e7ec830>, 'db_session': <sqlalchemy.orm.session.AsyncSession object at 0x10e7edb50>}
unittest = False
setup = <function _wrap_async_fixture.<locals>._async_fixture_wrapper.<locals>.setup at 0x10e7dc040>

    @functools.wraps(fixture)
    def _async_fixture_wrapper(request: FixtureRequest, **kwargs: Any):
        unittest = False if pytest.version_tuple >= (8, 2) else fixturedef.unittest
        func = _perhaps_rebind_fixture_func(fixture, request.instance, unittest)
        event_loop = kwargs.pop(event_loop_fixture_id)
    
        async def setup():
            res = await func(
                **_add_kwargs(func, kwargs, event_loop_fixture_id, event_loop, request)
            )
            return res
    
>       return event_loop.run_until_complete(setup())

/Library/Frameworks/Python.framework/Versions/3.14/lib/python3.14/site-packages/pytest_asyncio/plugin.py:369: 
_ _ _ _ _ _ _ _ _ _ _ _ _ _ _ _ _ _ _ _ _ _ _ _ _ _ _ _ _ _ _ _ _ _ _ _ _ _ _ _ 
/Library/Frameworks/Python.framework/Versions/3.14/lib/python3.14/asyncio/base_events.py:719: in run_until_complete
    return future.result()
/Library/Frameworks/Python.framework/Versions/3.14/lib/python3.14/site-packages/pytest_asyncio/plugin.py:364: in setup
    res = await func(
_ _ _ _ _ _ _ _ _ _ _ _ _ _ _ _ _ _ _ _ _ _ _ _ _ _ _ _ _ _ _ _ _ _ _ _ _ _ _ _ 

client = <httpx.AsyncClient object at 0x10e7ec830>
db_session = <sqlalchemy.orm.session.AsyncSession object at 0x10e7edb50>

    @pytest_asyncio.fixture
    async def admin_token(client: AsyncClient, db_session: AsyncSession):
        email = "admin@keikichi.com"
        password = "adminpassword"
    
        from app.services.user_service import UserService
        from app.models.user import UserRole
        service = UserService(db_session)
        existing = await service.get_user_by_email(email)
    
        if not existing:
            # Register doesn't allow setting role usually. We might need to manually update DB.
            # Create via API then update role
            res = await client.post("/api/v1/auth/register", json={
                "email": email,
                "password": password,
                "full_name": "Admin User",
                "phone": "9999999999"
            })
            user_id = res.json()["id"]
    
            # Update role manually
            from sqlalchemy import text
            # SQLite uses string for UUID usually in this hacked setup, OR Uuid type handles it.
            # But raw SQL might be tricky with UUIDs in SQLite if not careful.
            # Use ORM
    
>           user = await service.get_user(user_id)
E           AttributeError: 'UserService' object has no attribute 'get_user'

tests/conftest.py:176: AttributeError
---------------------------- Captured stdout setup -----------------------------
2025-12-08 23:49:43,339 INFO sqlalchemy.engine.Engine BEGIN (implicit)
2025-12-08 23:49:43,339 INFO sqlalchemy.engine.Engine SELECT users.id, users.email, users.phone, users.hashed_password, users.full_name, users.role, users.is_active, users.is_verified, users.verification_status, users.ine_front_file_id, users.ine_back_file_id, users.ine_selfie_file_id, users.verification_notes, users.verified_at, users.verified_by, users.rejection_reason, users.billing_name, users.billing_address, users.billing_rfc, users.billing_email, users.billing_phone, users.billing_cfdi_usage, users.constancia_file_id, users.created_at, users.updated_at 
FROM users 
WHERE users.role = ? OR users.role = ?
2025-12-08 23:49:43,339 INFO sqlalchemy.engine.Engine [cached since 0.3853s ago] ('superadmin', 'manager')
2025-12-08 23:49:43,339 INFO sqlalchemy.engine.Engine ROLLBACK
Failed to notify admins: (sqlite3.OperationalError) no such table: users
[SQL: SELECT users.id, users.email, users.phone, users.hashed_password, users.full_name, users.role, users.is_active, users.is_verified, users.verification_status, users.ine_front_file_id, users.ine_back_file_id, users.ine_selfie_file_id, users.verification_notes, users.verified_at, users.verified_by, users.rejection_reason, users.billing_name, users.billing_address, users.billing_rfc, users.billing_email, users.billing_phone, users.billing_cfdi_usage, users.constancia_file_id, users.created_at, users.updated_at 
FROM users 
WHERE users.role = ? OR users.role = ?]
[parameters: ('superadmin', 'manager')]
(Background on this error at: https://sqlalche.me/e/20/e3q8)
------------------------------ Captured log setup ------------------------------
INFO     sqlalchemy.engine.Engine:base.py:2702 BEGIN (implicit)
INFO     sqlalchemy.engine.Engine:base.py:1846 SELECT users.id, users.email, users.phone, users.hashed_password, users.full_name, users.role, users.is_active, users.is_verified, users.verification_status, users.ine_front_file_id, users.ine_back_file_id, users.ine_selfie_file_id, users.verification_notes, users.verified_at, users.verified_by, users.rejection_reason, users.billing_name, users.billing_address, users.billing_rfc, users.billing_email, users.billing_phone, users.billing_cfdi_usage, users.constancia_file_id, users.created_at, users.updated_at 
FROM users 
WHERE users.role = ? OR users.role = ?
INFO     sqlalchemy.engine.Engine:base.py:1846 [cached since 0.3853s ago] ('superadmin', 'manager')
INFO     sqlalchemy.engine.Engine:base.py:2705 ROLLBACK
________ ERROR at teardown of TestSystemFlows.test_18_list_my_documents ________

self = <sqlalchemy.engine.base.Connection object at 0x10e81c410>
dialect = <sqlalchemy.dialects.sqlite.aiosqlite.SQLiteDialect_aiosqlite object at 0x10e1c25d0>
context = <sqlalchemy.dialects.sqlite.aiosqlite.SQLiteExecutionContext_aiosqlite object at 0x10e9181d0>
statement = <sqlalchemy.dialects.sqlite.base.SQLiteDDLCompiler object at 0x10e8ef250>
parameters = [()]

    def _exec_single_context(
        self,
        dialect: Dialect,
        context: ExecutionContext,
        statement: Union[str, Compiled],
        parameters: Optional[_AnyMultiExecuteParams],
    ) -> CursorResult[Any]:
        """continue the _execute_context() method for a single DBAPI
        cursor.execute() or cursor.executemany() call.
    
        """
        if dialect.bind_typing is BindTyping.SETINPUTSIZES:
            generic_setinputsizes = context._prepare_set_input_sizes()
    
            if generic_setinputsizes:
                try:
                    dialect.do_set_input_sizes(
                        context.cursor, generic_setinputsizes, context
                    )
                except BaseException as e:
                    self._handle_dbapi_exception(
                        e, str(statement), parameters, None, context
                    )
    
        cursor, str_statement, parameters = (
            context.cursor,
            context.statement,
            context.parameters,
        )
    
        effective_parameters: Optional[_AnyExecuteParams]
    
        if not context.executemany:
            effective_parameters = parameters[0]
        else:
            effective_parameters = parameters
    
        if self._has_events or self.engine._has_events:
            for fn in self.dispatch.before_cursor_execute:
                str_statement, effective_parameters = fn(
                    self,
                    cursor,
                    str_statement,
                    effective_parameters,
                    context,
                    context.executemany,
                )
    
        if self._echo:
            self._log_info(str_statement)
    
            stats = context._get_cache_stats()
    
            if not self.engine.hide_parameters:
                self._log_info(
                    "[%s] %r",
                    stats,
                    sql_util._repr_params(
                        effective_parameters,
                        batches=10,
                        ismulti=context.executemany,
                    ),
                )
            else:
                self._log_info(
                    "[%s] [SQL parameters hidden due to hide_parameters=True]",
                    stats,
                )
    
        evt_handled: bool = False
        try:
            if context.execute_style is ExecuteStyle.EXECUTEMANY:
                effective_parameters = cast(
                    "_CoreMultiExecuteParams", effective_parameters
                )
                if self.dialect._has_events:
                    for fn in self.dialect.dispatch.do_executemany:
                        if fn(
                            cursor,
                            str_statement,
                            effective_parameters,
                            context,
                        ):
                            evt_handled = True
                            break
                if not evt_handled:
                    self.dialect.do_executemany(
                        cursor,
                        str_statement,
                        effective_parameters,
                        context,
                    )
            elif not effective_parameters and context.no_parameters:
                if self.dialect._has_events:
                    for fn in self.dialect.dispatch.do_execute_no_params:
                        if fn(cursor, str_statement, context):
                            evt_handled = True
                            break
                if not evt_handled:
                    self.dialect.do_execute_no_params(
                        cursor, str_statement, context
                    )
            else:
                effective_parameters = cast(
                    "_CoreSingleExecuteParams", effective_parameters
                )
                if self.dialect._has_events:
                    for fn in self.dialect.dispatch.do_execute:
                        if fn(
                            cursor,
                            str_statement,
                            effective_parameters,
                            context,
                        ):
                            evt_handled = True
                            break
                if not evt_handled:
>                   self.dialect.do_execute(
                        cursor, str_statement, effective_parameters, context
                    )

/Library/Frameworks/Python.framework/Versions/3.14/lib/python3.14/site-packages/sqlalchemy/engine/base.py:1967: 
_ _ _ _ _ _ _ _ _ _ _ _ _ _ _ _ _ _ _ _ _ _ _ _ _ _ _ _ _ _ _ _ _ _ _ _ _ _ _ _ 
/Library/Frameworks/Python.framework/Versions/3.14/lib/python3.14/site-packages/sqlalchemy/engine/default.py:951: in do_execute
    cursor.execute(statement, parameters)
/Library/Frameworks/Python.framework/Versions/3.14/lib/python3.14/site-packages/sqlalchemy/dialects/sqlite/aiosqlite.py:180: in execute
    self._adapt_connection._handle_exception(error)
/Library/Frameworks/Python.framework/Versions/3.14/lib/python3.14/site-packages/sqlalchemy/dialects/sqlite/aiosqlite.py:340: in _handle_exception
    raise error
/Library/Frameworks/Python.framework/Versions/3.14/lib/python3.14/site-packages/sqlalchemy/dialects/sqlite/aiosqlite.py:162: in execute
    self.await_(_cursor.execute(operation, parameters))
/Library/Frameworks/Python.framework/Versions/3.14/lib/python3.14/site-packages/sqlalchemy/util/_concurrency_py3k.py:132: in await_only
    return current.parent.switch(awaitable)  # type: ignore[no-any-return,attr-defined] # noqa: E501
/Library/Frameworks/Python.framework/Versions/3.14/lib/python3.14/site-packages/sqlalchemy/util/_concurrency_py3k.py:196: in greenlet_spawn
    value = await result
/Library/Frameworks/Python.framework/Versions/3.14/lib/python3.14/site-packages/aiosqlite/cursor.py:40: in execute
    await self._execute(self._cursor.execute, sql, parameters)
/Library/Frameworks/Python.framework/Versions/3.14/lib/python3.14/site-packages/aiosqlite/cursor.py:32: in _execute
    return await self._conn._execute(fn, *args, **kwargs)
/Library/Frameworks/Python.framework/Versions/3.14/lib/python3.14/site-packages/aiosqlite/core.py:122: in _execute
    return await future
_ _ _ _ _ _ _ _ _ _ _ _ _ _ _ _ _ _ _ _ _ _ _ _ _ _ _ _ _ _ _ _ _ _ _ _ _ _ _ _ 

self = <Connection(Thread-1, started daemon 6140014592)>

    def run(self) -> None:
        """
        Execute function calls on a separate thread.
    
        :meta private:
        """
        while True:
            # Continues running until all queue items are processed,
            # even after connection is closed (so we can finalize all
            # futures)
    
            tx_item = self._tx.get()
            if tx_item is _STOP_RUNNING_SENTINEL:
                break
    
            future, function = tx_item
    
            try:
                LOG.debug("executing %s", function)
>               result = function()
E               sqlite3.OperationalError: no such table: main.users

/Library/Frameworks/Python.framework/Versions/3.14/lib/python3.14/site-packages/aiosqlite/core.py:105: OperationalError

The above exception was the direct cause of the following exception:

    def finalizer() -> None:
        """Yield again, to finalize."""
    
        async def async_finalizer() -> None:
            try:
                await gen_obj.__anext__()
            except StopAsyncIteration:
                pass
            else:
                msg = "Async generator fixture didn't stop."
                msg += "Yield only once."
                raise ValueError(msg)
    
>       event_loop.run_until_complete(async_finalizer())

/Library/Frameworks/Python.framework/Versions/3.14/lib/python3.14/site-packages/pytest_asyncio/plugin.py:345: 
_ _ _ _ _ _ _ _ _ _ _ _ _ _ _ _ _ _ _ _ _ _ _ _ _ _ _ _ _ _ _ _ _ _ _ _ _ _ _ _ 
/Library/Frameworks/Python.framework/Versions/3.14/lib/python3.14/asyncio/base_events.py:719: in run_until_complete
    return future.result()
/Library/Frameworks/Python.framework/Versions/3.14/lib/python3.14/site-packages/pytest_asyncio/plugin.py:337: in async_finalizer
    await gen_obj.__anext__()
tests/conftest.py:80: in setup_database
    await conn.run_sync(Base.metadata.drop_all)
/Library/Frameworks/Python.framework/Versions/3.14/lib/python3.14/site-packages/sqlalchemy/ext/asyncio/engine.py:888: in run_sync
    return await greenlet_spawn(
/Library/Frameworks/Python.framework/Versions/3.14/lib/python3.14/site-packages/sqlalchemy/util/_concurrency_py3k.py:201: in greenlet_spawn
    result = context.throw(*sys.exc_info())
/Library/Frameworks/Python.framework/Versions/3.14/lib/python3.14/site-packages/sqlalchemy/sql/schema.py:5956: in drop_all
    bind._run_ddl_visitor(
/Library/Frameworks/Python.framework/Versions/3.14/lib/python3.14/site-packages/sqlalchemy/engine/base.py:2459: in _run_ddl_visitor
    ).traverse_single(element)
/Library/Frameworks/Python.framework/Versions/3.14/lib/python3.14/site-packages/sqlalchemy/sql/visitors.py:661: in traverse_single
    return meth(obj, **kw)
/Library/Frameworks/Python.framework/Versions/3.14/lib/python3.14/site-packages/sqlalchemy/sql/ddl.py:1142: in visit_metadata
    self.traverse_single(
/Library/Frameworks/Python.framework/Versions/3.14/lib/python3.14/site-packages/sqlalchemy/sql/visitors.py:661: in traverse_single
    return meth(obj, **kw)
/Library/Frameworks/Python.framework/Versions/3.14/lib/python3.14/site-packages/sqlalchemy/sql/ddl.py:1209: in visit_table
    DropTable(table)._invoke_with(self.connection)
/Library/Frameworks/Python.framework/Versions/3.14/lib/python3.14/site-packages/sqlalchemy/sql/ddl.py:321: in _invoke_with
    return bind.execute(self)
/Library/Frameworks/Python.framework/Versions/3.14/lib/python3.14/site-packages/sqlalchemy/engine/base.py:1419: in execute
    return meth(
/Library/Frameworks/Python.framework/Versions/3.14/lib/python3.14/site-packages/sqlalchemy/sql/ddl.py:187: in _execute_on_connection
    return connection._execute_ddl(
/Library/Frameworks/Python.framework/Versions/3.14/lib/python3.14/site-packages/sqlalchemy/engine/base.py:1530: in _execute_ddl
    ret = self._execute_context(
/Library/Frameworks/Python.framework/Versions/3.14/lib/python3.14/site-packages/sqlalchemy/engine/base.py:1846: in _execute_context
    return self._exec_single_context(
/Library/Frameworks/Python.framework/Versions/3.14/lib/python3.14/site-packages/sqlalchemy/engine/base.py:1986: in _exec_single_context
    self._handle_dbapi_exception(
/Library/Frameworks/Python.framework/Versions/3.14/lib/python3.14/site-packages/sqlalchemy/engine/base.py:2355: in _handle_dbapi_exception
    raise sqlalchemy_exception.with_traceback(exc_info[2]) from e
/Library/Frameworks/Python.framework/Versions/3.14/lib/python3.14/site-packages/sqlalchemy/engine/base.py:1967: in _exec_single_context
    self.dialect.do_execute(
/Library/Frameworks/Python.framework/Versions/3.14/lib/python3.14/site-packages/sqlalchemy/engine/default.py:951: in do_execute
    cursor.execute(statement, parameters)
/Library/Frameworks/Python.framework/Versions/3.14/lib/python3.14/site-packages/sqlalchemy/dialects/sqlite/aiosqlite.py:180: in execute
    self._adapt_connection._handle_exception(error)
/Library/Frameworks/Python.framework/Versions/3.14/lib/python3.14/site-packages/sqlalchemy/dialects/sqlite/aiosqlite.py:340: in _handle_exception
    raise error
/Library/Frameworks/Python.framework/Versions/3.14/lib/python3.14/site-packages/sqlalchemy/dialects/sqlite/aiosqlite.py:162: in execute
    self.await_(_cursor.execute(operation, parameters))
/Library/Frameworks/Python.framework/Versions/3.14/lib/python3.14/site-packages/sqlalchemy/util/_concurrency_py3k.py:132: in await_only
    return current.parent.switch(awaitable)  # type: ignore[no-any-return,attr-defined] # noqa: E501
/Library/Frameworks/Python.framework/Versions/3.14/lib/python3.14/site-packages/sqlalchemy/util/_concurrency_py3k.py:196: in greenlet_spawn
    value = await result
/Library/Frameworks/Python.framework/Versions/3.14/lib/python3.14/site-packages/aiosqlite/cursor.py:40: in execute
    await self._execute(self._cursor.execute, sql, parameters)
/Library/Frameworks/Python.framework/Versions/3.14/lib/python3.14/site-packages/aiosqlite/cursor.py:32: in _execute
    return await self._conn._execute(fn, *args, **kwargs)
/Library/Frameworks/Python.framework/Versions/3.14/lib/python3.14/site-packages/aiosqlite/core.py:122: in _execute
    return await future
_ _ _ _ _ _ _ _ _ _ _ _ _ _ _ _ _ _ _ _ _ _ _ _ _ _ _ _ _ _ _ _ _ _ _ _ _ _ _ _ 

self = <Connection(Thread-1, started daemon 6140014592)>

    def run(self) -> None:
        """
        Execute function calls on a separate thread.
    
        :meta private:
        """
        while True:
            # Continues running until all queue items are processed,
            # even after connection is closed (so we can finalize all
            # futures)
    
            tx_item = self._tx.get()
            if tx_item is _STOP_RUNNING_SENTINEL:
                break
    
            future, function = tx_item
    
            try:
                LOG.debug("executing %s", function)
>               result = function()
E               sqlalchemy.exc.OperationalError: (sqlite3.OperationalError) no such table: main.users
E               [SQL: 
E               DROP TABLE trips]
E               (Background on this error at: https://sqlalche.me/e/20/e3q8)

/Library/Frameworks/Python.framework/Versions/3.14/lib/python3.14/site-packages/aiosqlite/core.py:105: OperationalError
=================================== FAILURES ===================================
_____________________ TestSystemFlows.test_3_login_client ______________________

self = <test_system_flows.TestSystemFlows object at 0x10e451a70>
client = <httpx.AsyncClient object at 0x10e6f7b10>

    async def test_3_login_client(self, client: AsyncClient):
        # Relies on test_2 or we create fresh.
        # Better to be self-contained or use fixtures.
        # We will use the 'user_token' fixture for other tests,
        # here we test the endpoint failure case.
        response = await client.post("/api/v1/auth/login", data={
            "username": "nonexistent@example.com",
            "password": "wrongpassword"
        })
>       assert response.status_code in [401, 404]
E       assert 422 in [401, 404]
E        +  where 422 = <Response [422 Unprocessable Entity]>.status_code

tests/test_system_flows.py:40: AssertionError
________________________ TestSystemFlows.test_4_get_me _________________________

self = <test_system_flows.TestSystemFlows object at 0x10e451cd0>
client = <httpx.AsyncClient object at 0x10e7c0c30>, user_token = None

    async def test_4_get_me(self, client: AsyncClient, user_token):
>       assert user_token is not None
E       assert None is not None

tests/test_system_flows.py:43: AssertionError
---------------------------- Captured stdout setup -----------------------------
2025-12-08 23:49:43,156 INFO sqlalchemy.engine.Engine BEGIN (implicit)
2025-12-08 23:49:43,157 INFO sqlalchemy.engine.Engine SELECT users.id, users.email, users.phone, users.hashed_password, users.full_name, users.role, users.is_active, users.is_verified, users.verification_status, users.ine_front_file_id, users.ine_back_file_id, users.ine_selfie_file_id, users.verification_notes, users.verified_at, users.verified_by, users.rejection_reason, users.billing_name, users.billing_address, users.billing_rfc, users.billing_email, users.billing_phone, users.billing_cfdi_usage, users.constancia_file_id, users.created_at, users.updated_at 
FROM users 
WHERE users.role = ? OR users.role = ?
2025-12-08 23:49:43,157 INFO sqlalchemy.engine.Engine [cached since 0.2032s ago] ('superadmin', 'manager')
2025-12-08 23:49:43,157 INFO sqlalchemy.engine.Engine ROLLBACK
Failed to notify admins: (sqlite3.OperationalError) no such table: users
[SQL: SELECT users.id, users.email, users.phone, users.hashed_password, users.full_name, users.role, users.is_active, users.is_verified, users.verification_status, users.ine_front_file_id, users.ine_back_file_id, users.ine_selfie_file_id, users.verification_notes, users.verified_at, users.verified_by, users.rejection_reason, users.billing_name, users.billing_address, users.billing_rfc, users.billing_email, users.billing_phone, users.billing_cfdi_usage, users.constancia_file_id, users.created_at, users.updated_at 
FROM users 
WHERE users.role = ? OR users.role = ?]
[parameters: ('superadmin', 'manager')]
(Background on this error at: https://sqlalche.me/e/20/e3q8)
------------------------------ Captured log setup ------------------------------
INFO     sqlalchemy.engine.Engine:base.py:2702 BEGIN (implicit)
INFO     sqlalchemy.engine.Engine:base.py:1846 SELECT users.id, users.email, users.phone, users.hashed_password, users.full_name, users.role, users.is_active, users.is_verified, users.verification_status, users.ine_front_file_id, users.ine_back_file_id, users.ine_selfie_file_id, users.verification_notes, users.verified_at, users.verified_by, users.rejection_reason, users.billing_name, users.billing_address, users.billing_rfc, users.billing_email, users.billing_phone, users.billing_cfdi_usage, users.constancia_file_id, users.created_at, users.updated_at 
FROM users 
WHERE users.role = ? OR users.role = ?
INFO     sqlalchemy.engine.Engine:base.py:1846 [cached since 0.2032s ago] ('superadmin', 'manager')
INFO     sqlalchemy.engine.Engine:base.py:2705 ROLLBACK
____________________ TestSystemFlows.test_5_update_profile _____________________

self = <test_system_flows.TestSystemFlows object at 0x10e594830>
client = <httpx.AsyncClient object at 0x10e7c3820>, user_token = None

    async def test_5_update_profile(self, client: AsyncClient, user_token):
        new_phone = "9876543210"
        response = await client.put("/api/v1/users/me",
            headers={"Authorization": f"Bearer {user_token}"},
            json={"phone": new_phone}
        )
>       assert response.status_code == 200
E       assert 405 == 200
E        +  where 405 = <Response [405 Method Not Allowed]>.status_code

tests/test_system_flows.py:56: AssertionError
____________________ TestSystemFlows.test_8_get_trip_detail ____________________

self = <test_system_flows.TestSystemFlows object at 0x10e47a050>
client = <httpx.AsyncClient object at 0x10e7bfce0>, admin_token = None

    async def test_8_get_trip_detail(self, client: AsyncClient, admin_token):
        # We need a trip ID. We can create one or rely on fixture.
        # Implementing a quick helper inside the test class might be messy.
        # Ideally, we'd use a fixture, but let's create one inline for clarity/isolation.
        response = await client.post("/api/v1/trips",
            headers={"Authorization": f"Bearer {admin_token}"},
            json={
                "origin": "Detail Test",
                "destination": "City",
                "departure_date": "2025-01-01T12:00:00",
                "price_per_space": 500,
                "currency": "USD"
            }
        )
>       trip_id = response.json()["id"]
E       KeyError: 'id'

tests/test_system_flows.py:103: KeyError
__________________ TestSystemFlows.test_9_update_trip_status ___________________

self = <test_system_flows.TestSystemFlows object at 0x10e47a250>
client = <httpx.AsyncClient object at 0x10e7b3b50>, admin_token = None

    async def test_9_update_trip_status(self, client: AsyncClient, admin_token):
        # Create
        res = await client.post("/api/v1/trips", headers={"Authorization": f"Bearer {admin_token}"}, json={
            "origin": "Status Test", "destination": "City", "departure_date": "2025-01-01T00:00:00", "price_per_space": 500
        })
>       trip_id = res.json()["id"]
E       KeyError: 'id'

tests/test_system_flows.py:114: KeyError
____________ TestSystemFlows.test_10_bulk_delete_trips_logic_check _____________

self = <test_system_flows.TestSystemFlows object at 0x10e46fb60>
client = <httpx.AsyncClient object at 0x10e7b1c50>, admin_token = None

    async def test_10_bulk_delete_trips_logic_check(self, client: AsyncClient, admin_token):
        # Create 3 trips
        ids = []
        for i in range(3):
            res = await client.post("/api/v1/trips", headers={"Authorization": f"Bearer {admin_token}"}, json={
                "origin": f"Bulk {i}", "destination": "Dest", "departure_date": "2025-01-01T00:00:00", "price_per_space": 100
            })
>           ids.append(res.json()["id"])
E           KeyError: 'id'

tests/test_system_flows.py:130: KeyError
__________________ TestSystemFlows.test_11_create_reservation __________________

self = <test_system_flows.TestSystemFlows object at 0x10e46fd40>
client = <httpx.AsyncClient object at 0x10e83e300>, user_token = None
admin_token = None

    async def test_11_create_reservation(self, client: AsyncClient, user_token, admin_token):
        # Need a trip first
        trip_res = await client.post("/api/v1/trips", headers={"Authorization": f"Bearer {admin_token}"}, json={
            "origin": "Res Test", "destination": "City", "departure_date": "2025-01-01T00:00:00", "price_per_space": 100, "total_spaces": 10
        })
>       trip_id = trip_res.json()["id"]
E       KeyError: 'id'

tests/test_system_flows.py:149: KeyError
__________________ TestSystemFlows.test_12_cancel_reservation __________________

self = <test_system_flows.TestSystemFlows object at 0x10e5adfd0>
client = <httpx.AsyncClient object at 0x10e83caa0>, user_token = None
admin_token = None

    async def test_12_cancel_reservation(self, client: AsyncClient, user_token, admin_token):
        # Setup trip and reservation
        trip_res = await client.post("/api/v1/trips", headers={"Authorization": f"Bearer {admin_token}"}, json={
            "origin": "Res Cancel", "destination": "City", "departure_date": "2025-01-01T00:00:00", "price_per_space": 100, "total_spaces": 10
        })
>       trip_id = trip_res.json()["id"]
E       KeyError: 'id'

tests/test_system_flows.py:167: KeyError
_______________ TestSystemFlows.test_13_admin_list_reservations ________________

self = <test_system_flows.TestSystemFlows object at 0x10e5ae510>
client = <httpx.AsyncClient object at 0x10e8a2a50>, admin_token = None

    async def test_13_admin_list_reservations(self, client: AsyncClient, admin_token):
        response = await client.get("/api/v1/reservations", headers={"Authorization": f"Bearer {admin_token}"})
>       assert response.status_code == 200
E       assert 401 == 200
E        +  where 401 = <Response [401 Unauthorized]>.status_code

tests/test_system_flows.py:180: AssertionError
__________________ TestSystemFlows.test_14_delete_reservation __________________

self = <test_system_flows.TestSystemFlows object at 0x10e5fc460>
client = <httpx.AsyncClient object at 0x10e904590>, admin_token = None
user_token = None

    async def test_14_delete_reservation(self, client: AsyncClient, admin_token, user_token):
         # Create
        trip_res = await client.post("/api/v1/trips", headers={"Authorization": f"Bearer {admin_token}"}, json={
            "origin": "Res Del", "destination": "City", "departure_date": "2025-01-01T00:00:00", "price_per_space": 100, "total_spaces": 10
        })
        res_res = await client.post("/api/v1/reservations", headers={"Authorization": f"Bearer {user_token}"}, json={
>           "trip_id": trip_res.json()["id"], "spaces_count": 1
        })
E       KeyError: 'id'

tests/test_system_flows.py:189: KeyError
__________________ TestSystemFlows.test_15_get_system_config ___________________

self = <test_system_flows.TestSystemFlows object at 0x10e4d9a90>
client = <httpx.AsyncClient object at 0x10ec6c940>, admin_token = None

    async def test_15_get_system_config(self, client: AsyncClient, admin_token):
        response = await client.get("/api/v1/system-config", headers={"Authorization": f"Bearer {admin_token}"})
>       assert response.status_code == 200
E       assert 401 == 200
E        +  where 401 = <Response [401 Unauthorized]>.status_code

tests/test_system_flows.py:205: AssertionError
_________________ TestSystemFlows.test_16_update_exchange_rate _________________

self = <test_system_flows.TestSystemFlows object at 0x10e4d9c10>
client = <httpx.AsyncClient object at 0x10e8428d0>, admin_token = None

    async def test_16_update_exchange_rate(self, client: AsyncClient, admin_token):
        response = await client.post("/api/v1/system-config",
            headers={"Authorization": f"Bearer {admin_token}"},
            json={"key": "exchange_rate", "value": "20.50", "description": "Update Test"}
        )
>       assert response.status_code == 200
E       assert 405 == 200
E        +  where 405 = <Response [405 Method Not Allowed]>.status_code

tests/test_system_flows.py:215: AssertionError
___________________ TestSystemFlows.test_17_upload_document ____________________

self = <test_system_flows.TestSystemFlows object at 0x10e612200>
client = <httpx.AsyncClient object at 0x10e842ed0>, user_token = None

    async def test_17_upload_document(self, client: AsyncClient, user_token):
        # We need to simulate a file upload.
        # This is complex in httpx without actual file IO, but we can pass bytes.
        files = {'file': ('test.txt', b'test content', 'text/plain')}
        response = await client.post("/api/v1/documents/upload",
            headers={"Authorization": f"Bearer {user_token}"},
            data={"doc_type": "otro"},
            files=files
        )
        # Note: if it requires user_id in path or body, check router.
        # usually /api/v1/documents/upload
        if response.status_code != 200:
             # Just asserting it didn't crash 500
>            assert response.status_code in [200, 201, 400, 422]
E            assert 401 in [200, 201, 400, 422]
E             +  where 401 = <Response [401 Unauthorized]>.status_code

tests/test_system_flows.py:233: AssertionError
=============================== warnings summary ===============================
app/schemas/auth.py:45
  /Users/galindoasc/keikichi_logistics_web/backend/app/schemas/auth.py:45: PydanticDeprecatedSince20: Support for class-based `config` is deprecated, use ConfigDict instead. Deprecated in Pydantic V2.0 to be removed in V3.0. See Pydantic V2 Migration Guide at https://errors.pydantic.dev/2.12/migration/
    class UserOut(BaseModel):

../../../../Library/Frameworks/Python.framework/Versions/3.14/lib/python3.14/site-packages/fastapi/routing.py:211: 273 warnings
  /Library/Frameworks/Python.framework/Versions/3.14/lib/python3.14/site-packages/fastapi/routing.py:211: DeprecationWarning: 'asyncio.iscoroutinefunction' is deprecated and slated for removal in Python 3.16; use inspect.iscoroutinefunction() instead
    is_coroutine = asyncio.iscoroutinefunction(dependant.call)

app/schemas/user.py:9
  /Users/galindoasc/keikichi_logistics_web/backend/app/schemas/user.py:9: PydanticDeprecatedSince20: Support for class-based `config` is deprecated, use ConfigDict instead. Deprecated in Pydantic V2.0 to be removed in V3.0. See Pydantic V2 Migration Guide at https://errors.pydantic.dev/2.12/migration/
    class UserBase(BaseModel):

app/schemas/user.py:31
  /Users/galindoasc/keikichi_logistics_web/backend/app/schemas/user.py:31: PydanticDeprecatedSince20: Support for class-based `config` is deprecated, use ConfigDict instead. Deprecated in Pydantic V2.0 to be removed in V3.0. See Pydantic V2 Migration Guide at https://errors.pydantic.dev/2.12/migration/
    class UserResponse(UserBase):

app/schemas/user.py:77
  /Users/galindoasc/keikichi_logistics_web/backend/app/schemas/user.py:77: PydanticDeprecatedSince20: Pydantic V1 style `@validator` validators are deprecated. You should migrate to Pydantic V2 style `@field_validator` validators, see the migration guide for more details. Deprecated in Pydantic V2.0 to be removed in V3.0. See Pydantic V2 Migration Guide at https://errors.pydantic.dev/2.12/migration/
    @validator('email', 'phone')

../../../../Library/Frameworks/Python.framework/Versions/3.14/lib/python3.14/site-packages/fastapi_mail/schemas.py:91
  /Library/Frameworks/Python.framework/Versions/3.14/lib/python3.14/site-packages/fastapi_mail/schemas.py:91: PydanticDeprecatedSince212: Using `@model_validator` with mode='after' on a classmethod is deprecated. Instead, use an instance method. See the documentation at https://docs.pydantic.dev/2.12/concepts/validators/#model-after-validator. Deprecated in Pydantic V2.12 to be removed in V3.0.
    @model_validator(mode="after")

app/schemas/trip.py:70
  /Users/galindoasc/keikichi_logistics_web/backend/app/schemas/trip.py:70: PydanticDeprecatedSince20: Support for class-based `config` is deprecated, use ConfigDict instead. Deprecated in Pydantic V2.0 to be removed in V3.0. See Pydantic V2 Migration Guide at https://errors.pydantic.dev/2.12/migration/
    class TripOut(TripBase):

app/schemas/space.py:10
  /Users/galindoasc/keikichi_logistics_web/backend/app/schemas/space.py:10: PydanticDeprecatedSince20: Support for class-based `config` is deprecated, use ConfigDict instead. Deprecated in Pydantic V2.0 to be removed in V3.0. See Pydantic V2 Migration Guide at https://errors.pydantic.dev/2.12/migration/
    class SpaceBase(BaseModel):

app/schemas/reservation.py:27
  /Users/galindoasc/keikichi_logistics_web/backend/app/schemas/reservation.py:27: PydanticDeprecatedSince20: Support for class-based `config` is deprecated, use ConfigDict instead. Deprecated in Pydantic V2.0 to be removed in V3.0. See Pydantic V2 Migration Guide at https://errors.pydantic.dev/2.12/migration/
    class HoldSpacesResponse(BaseModel):

app/schemas/reservation.py:64
  /Users/galindoasc/keikichi_logistics_web/backend/app/schemas/reservation.py:64: PydanticDeprecatedSince20: Support for class-based `config` is deprecated, use ConfigDict instead. Deprecated in Pydantic V2.0 to be removed in V3.0. See Pydantic V2 Migration Guide at https://errors.pydantic.dev/2.12/migration/
    class LoadItemResponse(LoadItemCreate):

app/schemas/reservation.py:152
  /Users/galindoasc/keikichi_logistics_web/backend/app/schemas/reservation.py:152: PydanticDeprecatedSince20: Support for class-based `config` is deprecated, use ConfigDict instead. Deprecated in Pydantic V2.0 to be removed in V3.0. See Pydantic V2 Migration Guide at https://errors.pydantic.dev/2.12/migration/
    class ReservationSpaceDetail(BaseModel):

app/schemas/reservation.py:162
  /Users/galindoasc/keikichi_logistics_web/backend/app/schemas/reservation.py:162: PydanticDeprecatedSince20: Support for class-based `config` is deprecated, use ConfigDict instead. Deprecated in Pydantic V2.0 to be removed in V3.0. See Pydantic V2 Migration Guide at https://errors.pydantic.dev/2.12/migration/
    class ReservationTripDetail(BaseModel):

app/schemas/reservation.py:178
  /Users/galindoasc/keikichi_logistics_web/backend/app/schemas/reservation.py:178: PydanticDeprecatedSince20: Support for class-based `config` is deprecated, use ConfigDict instead. Deprecated in Pydantic V2.0 to be removed in V3.0. See Pydantic V2 Migration Guide at https://errors.pydantic.dev/2.12/migration/
    class ReservationResponse(BaseModel):

app/schemas/reservation.py:243
  /Users/galindoasc/keikichi_logistics_web/backend/app/schemas/reservation.py:243: PydanticDeprecatedSince20: Support for class-based `config` is deprecated, use ConfigDict instead. Deprecated in Pydantic V2.0 to be removed in V3.0. See Pydantic V2 Migration Guide at https://errors.pydantic.dev/2.12/migration/
    class ReservationListItem(BaseModel):

app/schemas/label_price.py:18
  /Users/galindoasc/keikichi_logistics_web/backend/app/schemas/label_price.py:18: PydanticDeprecatedSince20: Support for class-based `config` is deprecated, use ConfigDict instead. Deprecated in Pydantic V2.0 to be removed in V3.0. See Pydantic V2 Migration Guide at https://errors.pydantic.dev/2.12/migration/
    class LabelPriceOut(LabelPriceBase):

app/api/v1/system_config.py:28
  /Users/galindoasc/keikichi_logistics_web/backend/app/api/v1/system_config.py:28: PydanticDeprecatedSince20: Support for class-based `config` is deprecated, use ConfigDict instead. Deprecated in Pydantic V2.0 to be removed in V3.0. See Pydantic V2 Migration Guide at https://errors.pydantic.dev/2.12/migration/
    class SystemConfigResponse(SystemConfigBase):

app/schemas/client_document.py:24
  /Users/galindoasc/keikichi_logistics_web/backend/app/schemas/client_document.py:24: PydanticDeprecatedSince20: Support for class-based `config` is deprecated, use ConfigDict instead. Deprecated in Pydantic V2.0 to be removed in V3.0. See Pydantic V2 Migration Guide at https://errors.pydantic.dev/2.12/migration/
    class ClientDocumentOut(ClientDocumentBase):

app/schemas/catalog.py:17
  /Users/galindoasc/keikichi_logistics_web/backend/app/schemas/catalog.py:17: PydanticDeprecatedSince20: Support for class-based `config` is deprecated, use ConfigDict instead. Deprecated in Pydantic V2.0 to be removed in V3.0. See Pydantic V2 Migration Guide at https://errors.pydantic.dev/2.12/migration/
    class Product(ProductBase):

app/schemas/catalog.py:35
  /Users/galindoasc/keikichi_logistics_web/backend/app/schemas/catalog.py:35: PydanticDeprecatedSince20: Support for class-based `config` is deprecated, use ConfigDict instead. Deprecated in Pydantic V2.0 to be removed in V3.0. See Pydantic V2 Migration Guide at https://errors.pydantic.dev/2.12/migration/
    class Unit(UnitBase):

app/schemas/notification.py:25
  /Users/galindoasc/keikichi_logistics_web/backend/app/schemas/notification.py:25: PydanticDeprecatedSince20: Support for class-based `config` is deprecated, use ConfigDict instead. Deprecated in Pydantic V2.0 to be removed in V3.0. See Pydantic V2 Migration Guide at https://errors.pydantic.dev/2.12/migration/
    class NotificationResponse(NotificationBase):

app/schemas/fleet.py:22
  /Users/galindoasc/keikichi_logistics_web/backend/app/schemas/fleet.py:22: PydanticDeprecatedSince20: Support for class-based `config` is deprecated, use ConfigDict instead. Deprecated in Pydantic V2.0 to be removed in V3.0. See Pydantic V2 Migration Guide at https://errors.pydantic.dev/2.12/migration/
    class FleetDriverOut(FleetDriverBase):

app/schemas/fleet.py:49
  /Users/galindoasc/keikichi_logistics_web/backend/app/schemas/fleet.py:49: PydanticDeprecatedSince20: Support for class-based `config` is deprecated, use ConfigDict instead. Deprecated in Pydantic V2.0 to be removed in V3.0. See Pydantic V2 Migration Guide at https://errors.pydantic.dev/2.12/migration/
    class FleetVehicleOut(FleetVehicleBase):

app/main.py:42
  /Users/galindoasc/keikichi_logistics_web/backend/app/main.py:42: DeprecationWarning: 
          on_event is deprecated, use lifespan event handlers instead.
  
          Read more about it in the
          [FastAPI docs for Lifespan Events](https://fastapi.tiangolo.com/advanced/events/).
          
    @app.on_event("startup")

../../../../Library/Frameworks/Python.framework/Versions/3.14/lib/python3.14/site-packages/fastapi/applications.py:4495
../../../../Library/Frameworks/Python.framework/Versions/3.14/lib/python3.14/site-packages/fastapi/applications.py:4495
  /Library/Frameworks/Python.framework/Versions/3.14/lib/python3.14/site-packages/fastapi/applications.py:4495: DeprecationWarning: 
          on_event is deprecated, use lifespan event handlers instead.
  
          Read more about it in the
          [FastAPI docs for Lifespan Events](https://fastapi.tiangolo.com/advanced/events/).
          
    return self.router.on_event(event_type)

app/main.py:82
  /Users/galindoasc/keikichi_logistics_web/backend/app/main.py:82: DeprecationWarning: 
          on_event is deprecated, use lifespan event handlers instead.
  
          Read more about it in the
          [FastAPI docs for Lifespan Events](https://fastapi.tiangolo.com/advanced/events/).
          
    @app.on_event("shutdown")

../../../../Library/Frameworks/Python.framework/Versions/3.14/lib/python3.14/site-packages/pytest_asyncio/plugin.py:169: 599 warnings
  /Library/Frameworks/Python.framework/Versions/3.14/lib/python3.14/site-packages/pytest_asyncio/plugin.py:169: DeprecationWarning: 'asyncio.iscoroutinefunction' is deprecated and slated for removal in Python 3.16; use inspect.iscoroutinefunction() instead
    return asyncio.iscoroutinefunction(obj) or inspect.isasyncgenfunction(obj)

../../../../Library/Frameworks/Python.framework/Versions/3.14/lib/python3.14/site-packages/pytest_asyncio/plugin.py:433: 18 warnings
  /Library/Frameworks/Python.framework/Versions/3.14/lib/python3.14/site-packages/pytest_asyncio/plugin.py:433: DeprecationWarning: 'asyncio.iscoroutinefunction' is deprecated and slated for removal in Python 3.16; use inspect.iscoroutinefunction() instead
    return asyncio.iscoroutinefunction(func)

tests/test_system_flows.py::TestSystemFlows::test_1_health_check
  /Library/Frameworks/Python.framework/Versions/3.14/lib/python3.14/site-packages/pytest_asyncio/plugin.py:1005: DeprecationWarning: 'asyncio.get_event_loop_policy' is deprecated and slated for removal in Python 3.16
    return asyncio.get_event_loop_policy()

tests/test_system_flows.py::TestSystemFlows::test_1_health_check
  /Library/Frameworks/Python.framework/Versions/3.14/lib/python3.14/site-packages/pytest_asyncio/plugin.py:662: DeprecationWarning: 'asyncio.get_event_loop_policy' is deprecated and slated for removal in Python 3.16
    old_loop_policy = asyncio.get_event_loop_policy()

tests/test_system_flows.py::TestSystemFlows::test_1_health_check
  /Library/Frameworks/Python.framework/Versions/3.14/lib/python3.14/site-packages/pytest_asyncio/plugin.py:667: DeprecationWarning: 'asyncio.set_event_loop_policy' is deprecated and slated for removal in Python 3.16
    asyncio.set_event_loop_policy(policy)

tests/test_system_flows.py: 18 warnings
  /Library/Frameworks/Python.framework/Versions/3.14/lib/python3.14/site-packages/pytest_asyncio/plugin.py:751: DeprecationWarning: 'asyncio.get_event_loop_policy' is deprecated and slated for removal in Python 3.16
    _restore_event_loop_policy(asyncio.get_event_loop_policy()),

tests/test_system_flows.py: 18 warnings
  /Library/Frameworks/Python.framework/Versions/3.14/lib/python3.14/site-packages/pytest_asyncio/plugin.py:977: DeprecationWarning: 'asyncio.set_event_loop_policy' is deprecated and slated for removal in Python 3.16
    asyncio.set_event_loop_policy(new_loop_policy)

tests/test_system_flows.py: 18 warnings
  /Library/Frameworks/Python.framework/Versions/3.14/lib/python3.14/site-packages/pytest_asyncio/plugin.py:978: DeprecationWarning: 'asyncio.get_event_loop_policy' is deprecated and slated for removal in Python 3.16
    loop = asyncio.get_event_loop_policy().new_event_loop()

tests/test_system_flows.py: 18 warnings
  /Library/Frameworks/Python.framework/Versions/3.14/lib/python3.14/site-packages/pytest_asyncio/plugin.py:766: DeprecationWarning: 'asyncio.get_event_loop_policy' is deprecated and slated for removal in Python 3.16
    policy = asyncio.get_event_loop_policy()

tests/test_system_flows.py: 61 warnings
  /Library/Frameworks/Python.framework/Versions/3.14/lib/python3.14/site-packages/starlette/_utils.py:42: DeprecationWarning: 'asyncio.iscoroutinefunction' is deprecated and slated for removal in Python 3.16; use inspect.iscoroutinefunction() instead
    return asyncio.iscoroutinefunction(obj) or (

tests/test_system_flows.py: 18 warnings
  /Library/Frameworks/Python.framework/Versions/3.14/lib/python3.14/site-packages/pytest_asyncio/plugin.py:811: DeprecationWarning: 'asyncio.get_event_loop_policy' is deprecated and slated for removal in Python 3.16
    policy = asyncio.get_event_loop_policy()

tests/test_system_flows.py: 18 warnings
  /Library/Frameworks/Python.framework/Versions/3.14/lib/python3.14/site-packages/pytest_asyncio/plugin.py:835: DeprecationWarning: 'asyncio.set_event_loop_policy' is deprecated and slated for removal in Python 3.16
    asyncio.set_event_loop_policy(previous_policy)

tests/test_system_flows.py: 18 warnings
  /Library/Frameworks/Python.framework/Versions/3.14/lib/python3.14/site-packages/pytest_asyncio/plugin.py:847: DeprecationWarning: 'asyncio.get_event_loop_policy' is deprecated and slated for removal in Python 3.16
    policy = asyncio.get_event_loop_policy()

tests/test_system_flows.py::TestSystemFlows::test_18_list_my_documents
  <sys>:0: SAWarning: Can't sort tables for DROP; an unresolvable foreign key dependency exists between tables: client_documents, reservations, trips, users; and backend does not support ALTER.  To restore at least a partial sort, apply use_alter=True to ForeignKey and ForeignKeyConstraint objects involved in the cycle to mark these as known cycles that will be ignored.

tests/test_system_flows.py::TestSystemFlows::test_18_list_my_documents
  /Library/Frameworks/Python.framework/Versions/3.14/lib/python3.14/site-packages/pytest_asyncio/plugin.py:671: DeprecationWarning: 'asyncio.set_event_loop_policy' is deprecated and slated for removal in Python 3.16
    asyncio.set_event_loop_policy(old_loop_policy)

-- Docs: https://docs.pytest.org/en/stable/how-to/capture-warnings.html
=========================== short test summary info ============================
FAILED tests/test_system_flows.py::TestSystemFlows::test_3_login_client - ass...
FAILED tests/test_system_flows.py::TestSystemFlows::test_4_get_me - assert No...
FAILED tests/test_system_flows.py::TestSystemFlows::test_5_update_profile - a...
FAILED tests/test_system_flows.py::TestSystemFlows::test_8_get_trip_detail - ...
FAILED tests/test_system_flows.py::TestSystemFlows::test_9_update_trip_status
FAILED tests/test_system_flows.py::TestSystemFlows::test_10_bulk_delete_trips_logic_check
FAILED tests/test_system_flows.py::TestSystemFlows::test_11_create_reservation
FAILED tests/test_system_flows.py::TestSystemFlows::test_12_cancel_reservation
FAILED tests/test_system_flows.py::TestSystemFlows::test_13_admin_list_reservations
FAILED tests/test_system_flows.py::TestSystemFlows::test_14_delete_reservation
FAILED tests/test_system_flows.py::TestSystemFlows::test_15_get_system_config
FAILED tests/test_system_flows.py::TestSystemFlows::test_16_update_exchange_rate
FAILED tests/test_system_flows.py::TestSystemFlows::test_17_upload_document
ERROR tests/test_system_flows.py::TestSystemFlows::test_6_create_trip - Attri...
ERROR tests/test_system_flows.py::TestSystemFlows::test_18_list_my_documents
============ 13 failed, 4 passed, 1107 warnings, 2 errors in 0.83s =============
